Analysis & Synthesis report for IP_NEOPIXEL
Mon Dec 16 17:56:34 2024
Quartus Prime Version 18.1.0 Build 625 09/12/2018 SJ Lite Edition


---------------------
; Table of Contents ;
---------------------
  1. Legal Notice
  2. Analysis & Synthesis Summary
  3. Analysis & Synthesis Settings
  4. Parallel Compilation
  5. Analysis & Synthesis Source Files Read
  6. Analysis & Synthesis Resource Usage Summary
  7. Analysis & Synthesis Resource Utilization by Entity
  8. Registers Removed During Synthesis
  9. General Register Statistics
 10. Inverted Register Statistics
 11. Multiplexer Restructuring Statistics (Restructuring Performed)
 12. Post-Synthesis Netlist Statistics for Top Partition
 13. Elapsed Time Per Partition
 14. Analysis & Synthesis Messages



----------------
; Legal Notice ;
----------------
Copyright (C) 2018  Intel Corporation. All rights reserved.
Your use of Intel Corporation's design tools, logic functions 
and other software and tools, and its AMPP partner logic 
functions, and any output files from any of the foregoing 
(including device programming or simulation files), and any 
associated documentation or information are expressly subject 
to the terms and conditions of the Intel Program License 
Subscription Agreement, the Intel Quartus Prime License Agreement,
the Intel FPGA IP License Agreement, or other applicable license
agreement, including, without limitation, that your use is for
the sole purpose of programming logic devices manufactured by
Intel and sold by Intel or its authorized distributors.  Please
refer to the applicable agreement for further details.



+----------------------------------------------------------------------------------+
; Analysis & Synthesis Summary                                                     ;
+------------------------------------+---------------------------------------------+
; Analysis & Synthesis Status        ; Successful - Mon Dec 16 17:56:34 2024       ;
; Quartus Prime Version              ; 18.1.0 Build 625 09/12/2018 SJ Lite Edition ;
; Revision Name                      ; IP_NEOPIXEL                                 ;
; Top-level Entity Name              ; ip_neopixel                                 ;
; Family                             ; MAX 10                                      ;
; Total logic elements               ; 105                                         ;
;     Total combinational functions  ; 105                                         ;
;     Dedicated logic registers      ; 52                                          ;
; Total registers                    ; 52                                          ;
; Total pins                         ; 3                                           ;
; Total virtual pins                 ; 0                                           ;
; Total memory bits                  ; 0                                           ;
; Embedded Multiplier 9-bit elements ; 0                                           ;
; Total PLLs                         ; 0                                           ;
; UFM blocks                         ; 0                                           ;
; ADC blocks                         ; 0                                           ;
+------------------------------------+---------------------------------------------+


+------------------------------------------------------------------------------------------------------------+
; Analysis & Synthesis Settings                                                                              ;
+------------------------------------------------------------------+--------------------+--------------------+
; Option                                                           ; Setting            ; Default Value      ;
+------------------------------------------------------------------+--------------------+--------------------+
; Device                                                           ; 10M50DAF484C6GES   ;                    ;
; Top-level entity name                                            ; ip_neopixel        ; IP_NEOPIXEL        ;
; Family name                                                      ; MAX 10             ; Cyclone V          ;
; Use smart compilation                                            ; Off                ; Off                ;
; Enable parallel Assembler and Timing Analyzer during compilation ; On                 ; On                 ;
; Enable compact report table                                      ; Off                ; Off                ;
; Restructure Multiplexers                                         ; Auto               ; Auto               ;
; Create Debugging Nodes for IP Cores                              ; Off                ; Off                ;
; Preserve fewer node names                                        ; On                 ; On                 ;
; Intel FPGA IP Evaluation Mode                                    ; Enable             ; Enable             ;
; Verilog Version                                                  ; Verilog_2001       ; Verilog_2001       ;
; VHDL Version                                                     ; VHDL_1993          ; VHDL_1993          ;
; State Machine Processing                                         ; Auto               ; Auto               ;
; Safe State Machine                                               ; Off                ; Off                ;
; Extract Verilog State Machines                                   ; On                 ; On                 ;
; Extract VHDL State Machines                                      ; On                 ; On                 ;
; Ignore Verilog initial constructs                                ; Off                ; Off                ;
; Iteration limit for constant Verilog loops                       ; 5000               ; 5000               ;
; Iteration limit for non-constant Verilog loops                   ; 250                ; 250                ;
; Add Pass-Through Logic to Inferred RAMs                          ; On                 ; On                 ;
; Infer RAMs from Raw Logic                                        ; On                 ; On                 ;
; Parallel Synthesis                                               ; On                 ; On                 ;
; DSP Block Balancing                                              ; Auto               ; Auto               ;
; NOT Gate Push-Back                                               ; On                 ; On                 ;
; Power-Up Don't Care                                              ; On                 ; On                 ;
; Remove Redundant Logic Cells                                     ; Off                ; Off                ;
; Remove Duplicate Registers                                       ; On                 ; On                 ;
; Ignore CARRY Buffers                                             ; Off                ; Off                ;
; Ignore CASCADE Buffers                                           ; Off                ; Off                ;
; Ignore GLOBAL Buffers                                            ; Off                ; Off                ;
; Ignore ROW GLOBAL Buffers                                        ; Off                ; Off                ;
; Ignore LCELL Buffers                                             ; Off                ; Off                ;
; Ignore SOFT Buffers                                              ; On                 ; On                 ;
; Limit AHDL Integers to 32 Bits                                   ; Off                ; Off                ;
; Optimization Technique                                           ; Balanced           ; Balanced           ;
; Carry Chain Length                                               ; 70                 ; 70                 ;
; Auto Carry Chains                                                ; On                 ; On                 ;
; Auto Open-Drain Pins                                             ; On                 ; On                 ;
; Perform WYSIWYG Primitive Resynthesis                            ; Off                ; Off                ;
; Auto ROM Replacement                                             ; On                 ; On                 ;
; Auto RAM Replacement                                             ; On                 ; On                 ;
; Auto DSP Block Replacement                                       ; On                 ; On                 ;
; Auto Shift Register Replacement                                  ; Auto               ; Auto               ;
; Allow Shift Register Merging across Hierarchies                  ; Auto               ; Auto               ;
; Auto Clock Enable Replacement                                    ; On                 ; On                 ;
; Strict RAM Replacement                                           ; Off                ; Off                ;
; Allow Synchronous Control Signals                                ; On                 ; On                 ;
; Force Use of Synchronous Clear Signals                           ; Off                ; Off                ;
; Auto RAM Block Balancing                                         ; On                 ; On                 ;
; Auto RAM to Logic Cell Conversion                                ; Off                ; Off                ;
; Auto Resource Sharing                                            ; Off                ; Off                ;
; Allow Any RAM Size For Recognition                               ; Off                ; Off                ;
; Allow Any ROM Size For Recognition                               ; Off                ; Off                ;
; Allow Any Shift Register Size For Recognition                    ; Off                ; Off                ;
; Use LogicLock Constraints during Resource Balancing              ; On                 ; On                 ;
; Ignore translate_off and synthesis_off directives                ; Off                ; Off                ;
; Timing-Driven Synthesis                                          ; On                 ; On                 ;
; Report Parameter Settings                                        ; On                 ; On                 ;
; Report Source Assignments                                        ; On                 ; On                 ;
; Report Connectivity Checks                                       ; On                 ; On                 ;
; Ignore Maximum Fan-Out Assignments                               ; Off                ; Off                ;
; Synchronization Register Chain Length                            ; 2                  ; 2                  ;
; Power Optimization During Synthesis                              ; Normal compilation ; Normal compilation ;
; HDL message level                                                ; Level2             ; Level2             ;
; Suppress Register Optimization Related Messages                  ; Off                ; Off                ;
; Number of Removed Registers Reported in Synthesis Report         ; 5000               ; 5000               ;
; Number of Swept Nodes Reported in Synthesis Report               ; 5000               ; 5000               ;
; Number of Inverted Registers Reported in Synthesis Report        ; 100                ; 100                ;
; Clock MUX Protection                                             ; On                 ; On                 ;
; Auto Gated Clock Conversion                                      ; Off                ; Off                ;
; Block Design Naming                                              ; Auto               ; Auto               ;
; SDC constraint protection                                        ; Off                ; Off                ;
; Synthesis Effort                                                 ; Auto               ; Auto               ;
; Shift Register Replacement - Allow Asynchronous Clear Signal     ; On                 ; On                 ;
; Pre-Mapping Resynthesis Optimization                             ; Off                ; Off                ;
; Analysis & Synthesis Message Level                               ; Medium             ; Medium             ;
; Disable Register Merging Across Hierarchies                      ; Auto               ; Auto               ;
; Resource Aware Inference For Block RAM                           ; On                 ; On                 ;
+------------------------------------------------------------------+--------------------+--------------------+


+------------------------------------------+
; Parallel Compilation                     ;
+----------------------------+-------------+
; Processors                 ; Number      ;
+----------------------------+-------------+
; Number detected on machine ; 8           ;
; Maximum allowed            ; 4           ;
;                            ;             ;
; Average used               ; 1.00        ;
; Maximum used               ; 4           ;
;                            ;             ;
; Usage by Processor         ; % Time Used ;
;     Processor 1            ; 100.0%      ;
;     Processors 2-4         ;   0.0%      ;
+----------------------------+-------------+


+----------------------------------------------------------------------------------------------------------------------------------------------------------------+
; Analysis & Synthesis Source Files Read                                                                                                                         ;
+----------------------------------+-----------------+-----------------+-------------------------------------------------------------------------------+---------+
; File Name with User-Entered Path ; Used in Netlist ; File Type       ; File Name with Absolute Path                                                  ; Library ;
+----------------------------------+-----------------+-----------------+-------------------------------------------------------------------------------+---------+
; ../src/ip_neopixel.vhd           ; yes             ; User VHDL File  ; C:/Users/ayoub/Desktop/Pj_Radar_2D_LADJICI_Ayoub/Partie_6/src/ip_neopixel.vhd ;         ;
+----------------------------------+-----------------+-----------------+-------------------------------------------------------------------------------+---------+


+---------------------------------------------------------+
; Analysis & Synthesis Resource Usage Summary             ;
+---------------------------------------------+-----------+
; Resource                                    ; Usage     ;
+---------------------------------------------+-----------+
; Estimated Total logic elements              ; 105       ;
;                                             ;           ;
; Total combinational functions               ; 105       ;
; Logic element usage by number of LUT inputs ;           ;
;     -- 4 input functions                    ; 52        ;
;     -- 3 input functions                    ; 13        ;
;     -- <=2 input functions                  ; 40        ;
;                                             ;           ;
; Logic elements by mode                      ;           ;
;     -- normal mode                          ; 70        ;
;     -- arithmetic mode                      ; 35        ;
;                                             ;           ;
; Total registers                             ; 52        ;
;     -- Dedicated logic registers            ; 52        ;
;     -- I/O registers                        ; 0         ;
;                                             ;           ;
; I/O pins                                    ; 3         ;
;                                             ;           ;
; Embedded Multiplier 9-bit elements          ; 0         ;
;                                             ;           ;
; Maximum fan-out node                        ; CLK~input ;
; Maximum fan-out                             ; 52        ;
; Total fan-out                               ; 538       ;
; Average fan-out                             ; 3.30      ;
+---------------------------------------------+-----------+


+------------------------------------------------------------------------------------------------------------------------------------------------------------------------------------------------------------------------------------+
; Analysis & Synthesis Resource Utilization by Entity                                                                                                                                                                                ;
+----------------------------+---------------------+---------------------------+-------------+------------+--------------+---------+-----------+------+--------------+------------+---------------------+-------------+--------------+
; Compilation Hierarchy Node ; Combinational ALUTs ; Dedicated Logic Registers ; Memory Bits ; UFM Blocks ; DSP Elements ; DSP 9x9 ; DSP 18x18 ; Pins ; Virtual Pins ; ADC blocks ; Full Hierarchy Name ; Entity Name ; Library Name ;
+----------------------------+---------------------+---------------------------+-------------+------------+--------------+---------+-----------+------+--------------+------------+---------------------+-------------+--------------+
; |ip_neopixel               ; 105 (105)           ; 52 (52)                   ; 0           ; 0          ; 0            ; 0       ; 0         ; 3    ; 0            ; 0          ; |ip_neopixel        ; ip_neopixel ; work         ;
+----------------------------+---------------------+---------------------------+-------------+------------+--------------+---------+-----------+------+--------------+------------+---------------------+-------------+--------------+
Note: For table entries with two numbers listed, the numbers in parentheses indicate the number of resources of the given type used by the specific entity alone. The numbers listed outside of parentheses indicate the total resources of the given type used by the specific entity and all of its sub-entities in the hierarchy.


+------------------------------------------------------------------------+
; Registers Removed During Synthesis                                     ;
+----------------------------------------+-------------------------------+
; Register name                          ; Reason for Removal            ;
+----------------------------------------+-------------------------------+
; current_color[16..20]                  ; Merged with current_color[21] ;
; current_color[8..12]                   ; Merged with current_color[13] ;
; current_color[0..5]                    ; Merged with current_color[6]  ;
; Total Number of Removed Registers = 16 ;                               ;
+----------------------------------------+-------------------------------+


+------------------------------------------------------+
; General Register Statistics                          ;
+----------------------------------------------+-------+
; Statistic                                    ; Value ;
+----------------------------------------------+-------+
; Total registers                              ; 52    ;
; Number of registers using Synchronous Clear  ; 37    ;
; Number of registers using Synchronous Load   ; 0     ;
; Number of registers using Asynchronous Clear ; 51    ;
; Number of registers using Asynchronous Load  ; 0     ;
; Number of registers using Clock Enable       ; 17    ;
; Number of registers using Preset             ; 0     ;
+----------------------------------------------+-------+


+--------------------------------------------------+
; Inverted Register Statistics                     ;
+----------------------------------------+---------+
; Inverted Register                      ; Fan out ;
+----------------------------------------+---------+
; current_color[23]                      ; 1       ;
; current_color[22]                      ; 1       ;
; current_color[21]                      ; 1       ;
; Total number of inverted registers = 3 ;         ;
+----------------------------------------+---------+


+----------------------------------------------------------------------------------------------------------------------------------------------+
; Multiplexer Restructuring Statistics (Restructuring Performed)                                                                               ;
+--------------------+-----------+---------------+----------------------+------------------------+------------+--------------------------------+
; Multiplexer Inputs ; Bus Width ; Baseline Area ; Area if Restructured ; Saving if Restructured ; Registered ; Example Multiplexer Output     ;
+--------------------+-----------+---------------+----------------------+------------------------+------------+--------------------------------+
; 3:1                ; 5 bits    ; 10 LEs        ; 5 LEs                ; 5 LEs                  ; Yes        ; |ip_neopixel|bit_counter[2]    ;
; 4:1                ; 4 bits    ; 8 LEs         ; 4 LEs                ; 4 LEs                  ; Yes        ; |ip_neopixel|led_index[3]      ;
; 27:1               ; 5 bits    ; 90 LEs        ; 65 LEs               ; 25 LEs                 ; Yes        ; |ip_neopixel|current_color[13] ;
; 27:1               ; 3 bits    ; 54 LEs        ; 42 LEs               ; 12 LEs                 ; Yes        ; |ip_neopixel|current_color[21] ;
+--------------------+-----------+---------------+----------------------+------------------------+------------+--------------------------------+


+-----------------------------------------------------+
; Post-Synthesis Netlist Statistics for Top Partition ;
+-----------------------+-----------------------------+
; Type                  ; Count                       ;
+-----------------------+-----------------------------+
; boundary_port         ; 3                           ;
; cycloneiii_ff         ; 52                          ;
;     CLR               ; 2                           ;
;     CLR SCLR          ; 32                          ;
;     ENA CLR           ; 12                          ;
;     ENA CLR SCLR      ; 5                           ;
;     plain             ; 1                           ;
; cycloneiii_lcell_comb ; 105                         ;
;     arith             ; 35                          ;
;         2 data inputs ; 35                          ;
;     normal            ; 70                          ;
;         1 data inputs ; 2                           ;
;         2 data inputs ; 3                           ;
;         3 data inputs ; 13                          ;
;         4 data inputs ; 52                          ;
;                       ;                             ;
; Max LUT depth         ; 6.00                        ;
; Average LUT depth     ; 3.77                        ;
+-----------------------+-----------------------------+


+-------------------------------+
; Elapsed Time Per Partition    ;
+----------------+--------------+
; Partition Name ; Elapsed Time ;
+----------------+--------------+
; Top            ; 00:00:01     ;
+----------------+--------------+


+-------------------------------+
; Analysis & Synthesis Messages ;
+-------------------------------+
Info: *******************************************************************
Info: Running Quartus Prime Analysis & Synthesis
    Info: Version 18.1.0 Build 625 09/12/2018 SJ Lite Edition
    Info: Processing started: Mon Dec 16 17:56:20 2024
Info: Command: quartus_map --read_settings_files=on --write_settings_files=off IP_NEOPIXEL -c IP_NEOPIXEL
Warning (18236): Number of processors has not been specified which may cause overloading on shared machines.  Set the global assignment NUM_PARALLEL_PROCESSORS in your QSF to an appropriate value for best performance.
Info (20030): Parallel compilation is enabled and will use 4 of the 4 processors detected
Info (12021): Found 2 design units, including 1 entities, in source file /users/ayoub/desktop/pj_radar_2d_ladjici_ayoub/partie_6/src/ip_neopixel.vhd
    Info (12022): Found design unit 1: ip_neopixel-Behavioral File: C:/Users/ayoub/Desktop/Pj_Radar_2D_LADJICI_Ayoub/Partie_6/src/ip_neopixel.vhd Line: 13
    Info (12023): Found entity 1: ip_neopixel File: C:/Users/ayoub/Desktop/Pj_Radar_2D_LADJICI_Ayoub/Partie_6/src/ip_neopixel.vhd Line: 5
Info (12021): Found 1 design units, including 1 entities, in source file de10_lite_golden_top.v
    Info (12023): Found entity 1: DE10_LITE_Golden_Top File: C:/Users/ayoub/Desktop/Pj_Radar_2D_LADJICI_Ayoub/Partie_6/fit/DE10_LITE_Golden_Top.v Line: 29
Info (12127): Elaborating entity "ip_neopixel" for the top level hierarchy
Warning (10492): VHDL Process Statement warning at ip_neopixel.vhd(79): signal "memoire" is read inside the Process Statement but isn't in the Process Statement's sensitivity list File: C:/Users/ayoub/Desktop/Pj_Radar_2D_LADJICI_Ayoub/Partie_6/src/ip_neopixel.vhd Line: 79
Warning (10631): VHDL Process Statement warning at ip_neopixel.vhd(70): inferring latch(es) for signal or variable "memoire", which holds its previous value in one or more paths through the process File: C:/Users/ayoub/Desktop/Pj_Radar_2D_LADJICI_Ayoub/Partie_6/src/ip_neopixel.vhd Line: 70
Info (10041): Inferred latch for "memoire[11][0]" at ip_neopixel.vhd(70) File: C:/Users/ayoub/Desktop/Pj_Radar_2D_LADJICI_Ayoub/Partie_6/src/ip_neopixel.vhd Line: 70
Info (10041): Inferred latch for "memoire[11][1]" at ip_neopixel.vhd(70) File: C:/Users/ayoub/Desktop/Pj_Radar_2D_LADJICI_Ayoub/Partie_6/src/ip_neopixel.vhd Line: 70
Info (10041): Inferred latch for "memoire[11][2]" at ip_neopixel.vhd(70) File: C:/Users/ayoub/Desktop/Pj_Radar_2D_LADJICI_Ayoub/Partie_6/src/ip_neopixel.vhd Line: 70
Info (10041): Inferred latch for "memoire[11][3]" at ip_neopixel.vhd(70) File: C:/Users/ayoub/Desktop/Pj_Radar_2D_LADJICI_Ayoub/Partie_6/src/ip_neopixel.vhd Line: 70
Info (10041): Inferred latch for "memoire[11][4]" at ip_neopixel.vhd(70) File: C:/Users/ayoub/Desktop/Pj_Radar_2D_LADJICI_Ayoub/Partie_6/src/ip_neopixel.vhd Line: 70
Info (10041): Inferred latch for "memoire[11][5]" at ip_neopixel.vhd(70) File: C:/Users/ayoub/Desktop/Pj_Radar_2D_LADJICI_Ayoub/Partie_6/src/ip_neopixel.vhd Line: 70
Info (10041): Inferred latch for "memoire[11][6]" at ip_neopixel.vhd(70) File: C:/Users/ayoub/Desktop/Pj_Radar_2D_LADJICI_Ayoub/Partie_6/src/ip_neopixel.vhd Line: 70
Info (10041): Inferred latch for "memoire[11][7]" at ip_neopixel.vhd(70) File: C:/Users/ayoub/Desktop/Pj_Radar_2D_LADJICI_Ayoub/Partie_6/src/ip_neopixel.vhd Line: 70
Info (10041): Inferred latch for "memoire[11][8]" at ip_neopixel.vhd(70) File: C:/Users/ayoub/Desktop/Pj_Radar_2D_LADJICI_Ayoub/Partie_6/src/ip_neopixel.vhd Line: 70
Info (10041): Inferred latch for "memoire[11][9]" at ip_neopixel.vhd(70) File: C:/Users/ayoub/Desktop/Pj_Radar_2D_LADJICI_Ayoub/Partie_6/src/ip_neopixel.vhd Line: 70
Info (10041): Inferred latch for "memoire[11][10]" at ip_neopixel.vhd(70) File: C:/Users/ayoub/Desktop/Pj_Radar_2D_LADJICI_Ayoub/Partie_6/src/ip_neopixel.vhd Line: 70
Info (10041): Inferred latch for "memoire[11][11]" at ip_neopixel.vhd(70) File: C:/Users/ayoub/Desktop/Pj_Radar_2D_LADJICI_Ayoub/Partie_6/src/ip_neopixel.vhd Line: 70
Info (10041): Inferred latch for "memoire[11][12]" at ip_neopixel.vhd(70) File: C:/Users/ayoub/Desktop/Pj_Radar_2D_LADJICI_Ayoub/Partie_6/src/ip_neopixel.vhd Line: 70
Info (10041): Inferred latch for "memoire[11][13]" at ip_neopixel.vhd(70) File: C:/Users/ayoub/Desktop/Pj_Radar_2D_LADJICI_Ayoub/Partie_6/src/ip_neopixel.vhd Line: 70
Info (10041): Inferred latch for "memoire[11][14]" at ip_neopixel.vhd(70) File: C:/Users/ayoub/Desktop/Pj_Radar_2D_LADJICI_Ayoub/Partie_6/src/ip_neopixel.vhd Line: 70
Info (10041): Inferred latch for "memoire[11][15]" at ip_neopixel.vhd(70) File: C:/Users/ayoub/Desktop/Pj_Radar_2D_LADJICI_Ayoub/Partie_6/src/ip_neopixel.vhd Line: 70
Info (10041): Inferred latch for "memoire[11][16]" at ip_neopixel.vhd(70) File: C:/Users/ayoub/Desktop/Pj_Radar_2D_LADJICI_Ayoub/Partie_6/src/ip_neopixel.vhd Line: 70
Info (10041): Inferred latch for "memoire[11][17]" at ip_neopixel.vhd(70) File: C:/Users/ayoub/Desktop/Pj_Radar_2D_LADJICI_Ayoub/Partie_6/src/ip_neopixel.vhd Line: 70
Info (10041): Inferred latch for "memoire[11][18]" at ip_neopixel.vhd(70) File: C:/Users/ayoub/Desktop/Pj_Radar_2D_LADJICI_Ayoub/Partie_6/src/ip_neopixel.vhd Line: 70
Info (10041): Inferred latch for "memoire[11][19]" at ip_neopixel.vhd(70) File: C:/Users/ayoub/Desktop/Pj_Radar_2D_LADJICI_Ayoub/Partie_6/src/ip_neopixel.vhd Line: 70
Info (10041): Inferred latch for "memoire[11][20]" at ip_neopixel.vhd(70) File: C:/Users/ayoub/Desktop/Pj_Radar_2D_LADJICI_Ayoub/Partie_6/src/ip_neopixel.vhd Line: 70
Info (10041): Inferred latch for "memoire[11][21]" at ip_neopixel.vhd(70) File: C:/Users/ayoub/Desktop/Pj_Radar_2D_LADJICI_Ayoub/Partie_6/src/ip_neopixel.vhd Line: 70
Info (10041): Inferred latch for "memoire[11][22]" at ip_neopixel.vhd(70) File: C:/Users/ayoub/Desktop/Pj_Radar_2D_LADJICI_Ayoub/Partie_6/src/ip_neopixel.vhd Line: 70
Info (10041): Inferred latch for "memoire[11][23]" at ip_neopixel.vhd(70) File: C:/Users/ayoub/Desktop/Pj_Radar_2D_LADJICI_Ayoub/Partie_6/src/ip_neopixel.vhd Line: 70
Info (10041): Inferred latch for "memoire[10][0]" at ip_neopixel.vhd(70) File: C:/Users/ayoub/Desktop/Pj_Radar_2D_LADJICI_Ayoub/Partie_6/src/ip_neopixel.vhd Line: 70
Info (10041): Inferred latch for "memoire[10][1]" at ip_neopixel.vhd(70) File: C:/Users/ayoub/Desktop/Pj_Radar_2D_LADJICI_Ayoub/Partie_6/src/ip_neopixel.vhd Line: 70
Info (10041): Inferred latch for "memoire[10][2]" at ip_neopixel.vhd(70) File: C:/Users/ayoub/Desktop/Pj_Radar_2D_LADJICI_Ayoub/Partie_6/src/ip_neopixel.vhd Line: 70
Info (10041): Inferred latch for "memoire[10][3]" at ip_neopixel.vhd(70) File: C:/Users/ayoub/Desktop/Pj_Radar_2D_LADJICI_Ayoub/Partie_6/src/ip_neopixel.vhd Line: 70
Info (10041): Inferred latch for "memoire[10][4]" at ip_neopixel.vhd(70) File: C:/Users/ayoub/Desktop/Pj_Radar_2D_LADJICI_Ayoub/Partie_6/src/ip_neopixel.vhd Line: 70
Info (10041): Inferred latch for "memoire[10][5]" at ip_neopixel.vhd(70) File: C:/Users/ayoub/Desktop/Pj_Radar_2D_LADJICI_Ayoub/Partie_6/src/ip_neopixel.vhd Line: 70
Info (10041): Inferred latch for "memoire[10][6]" at ip_neopixel.vhd(70) File: C:/Users/ayoub/Desktop/Pj_Radar_2D_LADJICI_Ayoub/Partie_6/src/ip_neopixel.vhd Line: 70
Info (10041): Inferred latch for "memoire[10][7]" at ip_neopixel.vhd(70) File: C:/Users/ayoub/Desktop/Pj_Radar_2D_LADJICI_Ayoub/Partie_6/src/ip_neopixel.vhd Line: 70
Info (10041): Inferred latch for "memoire[10][8]" at ip_neopixel.vhd(70) File: C:/Users/ayoub/Desktop/Pj_Radar_2D_LADJICI_Ayoub/Partie_6/src/ip_neopixel.vhd Line: 70
Info (10041): Inferred latch for "memoire[10][9]" at ip_neopixel.vhd(70) File: C:/Users/ayoub/Desktop/Pj_Radar_2D_LADJICI_Ayoub/Partie_6/src/ip_neopixel.vhd Line: 70
Info (10041): Inferred latch for "memoire[10][10]" at ip_neopixel.vhd(70) File: C:/Users/ayoub/Desktop/Pj_Radar_2D_LADJICI_Ayoub/Partie_6/src/ip_neopixel.vhd Line: 70
Info (10041): Inferred latch for "memoire[10][11]" at ip_neopixel.vhd(70) File: C:/Users/ayoub/Desktop/Pj_Radar_2D_LADJICI_Ayoub/Partie_6/src/ip_neopixel.vhd Line: 70
Info (10041): Inferred latch for "memoire[10][12]" at ip_neopixel.vhd(70) File: C:/Users/ayoub/Desktop/Pj_Radar_2D_LADJICI_Ayoub/Partie_6/src/ip_neopixel.vhd Line: 70
Info (10041): Inferred latch for "memoire[10][13]" at ip_neopixel.vhd(70) File: C:/Users/ayoub/Desktop/Pj_Radar_2D_LADJICI_Ayoub/Partie_6/src/ip_neopixel.vhd Line: 70
Info (10041): Inferred latch for "memoire[10][14]" at ip_neopixel.vhd(70) File: C:/Users/ayoub/Desktop/Pj_Radar_2D_LADJICI_Ayoub/Partie_6/src/ip_neopixel.vhd Line: 70
Info (10041): Inferred latch for "memoire[10][15]" at ip_neopixel.vhd(70) File: C:/Users/ayoub/Desktop/Pj_Radar_2D_LADJICI_Ayoub/Partie_6/src/ip_neopixel.vhd Line: 70
Info (10041): Inferred latch for "memoire[10][16]" at ip_neopixel.vhd(70) File: C:/Users/ayoub/Desktop/Pj_Radar_2D_LADJICI_Ayoub/Partie_6/src/ip_neopixel.vhd Line: 70
Info (10041): Inferred latch for "memoire[10][17]" at ip_neopixel.vhd(70) File: C:/Users/ayoub/Desktop/Pj_Radar_2D_LADJICI_Ayoub/Partie_6/src/ip_neopixel.vhd Line: 70
Info (10041): Inferred latch for "memoire[10][18]" at ip_neopixel.vhd(70) File: C:/Users/ayoub/Desktop/Pj_Radar_2D_LADJICI_Ayoub/Partie_6/src/ip_neopixel.vhd Line: 70
Info (10041): Inferred latch for "memoire[10][19]" at ip_neopixel.vhd(70) File: C:/Users/ayoub/Desktop/Pj_Radar_2D_LADJICI_Ayoub/Partie_6/src/ip_neopixel.vhd Line: 70
Info (10041): Inferred latch for "memoire[10][20]" at ip_neopixel.vhd(70) File: C:/Users/ayoub/Desktop/Pj_Radar_2D_LADJICI_Ayoub/Partie_6/src/ip_neopixel.vhd Line: 70
Info (10041): Inferred latch for "memoire[10][21]" at ip_neopixel.vhd(70) File: C:/Users/ayoub/Desktop/Pj_Radar_2D_LADJICI_Ayoub/Partie_6/src/ip_neopixel.vhd Line: 70
Info (10041): Inferred latch for "memoire[10][22]" at ip_neopixel.vhd(70) File: C:/Users/ayoub/Desktop/Pj_Radar_2D_LADJICI_Ayoub/Partie_6/src/ip_neopixel.vhd Line: 70
Info (10041): Inferred latch for "memoire[10][23]" at ip_neopixel.vhd(70) File: C:/Users/ayoub/Desktop/Pj_Radar_2D_LADJICI_Ayoub/Partie_6/src/ip_neopixel.vhd Line: 70
Info (10041): Inferred latch for "memoire[9][0]" at ip_neopixel.vhd(70) File: C:/Users/ayoub/Desktop/Pj_Radar_2D_LADJICI_Ayoub/Partie_6/src/ip_neopixel.vhd Line: 70
Info (10041): Inferred latch for "memoire[9][1]" at ip_neopixel.vhd(70) File: C:/Users/ayoub/Desktop/Pj_Radar_2D_LADJICI_Ayoub/Partie_6/src/ip_neopixel.vhd Line: 70
Info (10041): Inferred latch for "memoire[9][2]" at ip_neopixel.vhd(70) File: C:/Users/ayoub/Desktop/Pj_Radar_2D_LADJICI_Ayoub/Partie_6/src/ip_neopixel.vhd Line: 70
Info (10041): Inferred latch for "memoire[9][3]" at ip_neopixel.vhd(70) File: C:/Users/ayoub/Desktop/Pj_Radar_2D_LADJICI_Ayoub/Partie_6/src/ip_neopixel.vhd Line: 70
Info (10041): Inferred latch for "memoire[9][4]" at ip_neopixel.vhd(70) File: C:/Users/ayoub/Desktop/Pj_Radar_2D_LADJICI_Ayoub/Partie_6/src/ip_neopixel.vhd Line: 70
Info (10041): Inferred latch for "memoire[9][5]" at ip_neopixel.vhd(70) File: C:/Users/ayoub/Desktop/Pj_Radar_2D_LADJICI_Ayoub/Partie_6/src/ip_neopixel.vhd Line: 70
Info (10041): Inferred latch for "memoire[9][6]" at ip_neopixel.vhd(70) File: C:/Users/ayoub/Desktop/Pj_Radar_2D_LADJICI_Ayoub/Partie_6/src/ip_neopixel.vhd Line: 70
Info (10041): Inferred latch for "memoire[9][7]" at ip_neopixel.vhd(70) File: C:/Users/ayoub/Desktop/Pj_Radar_2D_LADJICI_Ayoub/Partie_6/src/ip_neopixel.vhd Line: 70
Info (10041): Inferred latch for "memoire[9][8]" at ip_neopixel.vhd(70) File: C:/Users/ayoub/Desktop/Pj_Radar_2D_LADJICI_Ayoub/Partie_6/src/ip_neopixel.vhd Line: 70
Info (10041): Inferred latch for "memoire[9][9]" at ip_neopixel.vhd(70) File: C:/Users/ayoub/Desktop/Pj_Radar_2D_LADJICI_Ayoub/Partie_6/src/ip_neopixel.vhd Line: 70
Info (10041): Inferred latch for "memoire[9][10]" at ip_neopixel.vhd(70) File: C:/Users/ayoub/Desktop/Pj_Radar_2D_LADJICI_Ayoub/Partie_6/src/ip_neopixel.vhd Line: 70
Info (10041): Inferred latch for "memoire[9][11]" at ip_neopixel.vhd(70) File: C:/Users/ayoub/Desktop/Pj_Radar_2D_LADJICI_Ayoub/Partie_6/src/ip_neopixel.vhd Line: 70
Info (10041): Inferred latch for "memoire[9][12]" at ip_neopixel.vhd(70) File: C:/Users/ayoub/Desktop/Pj_Radar_2D_LADJICI_Ayoub/Partie_6/src/ip_neopixel.vhd Line: 70
Info (10041): Inferred latch for "memoire[9][13]" at ip_neopixel.vhd(70) File: C:/Users/ayoub/Desktop/Pj_Radar_2D_LADJICI_Ayoub/Partie_6/src/ip_neopixel.vhd Line: 70
Info (10041): Inferred latch for "memoire[9][14]" at ip_neopixel.vhd(70) File: C:/Users/ayoub/Desktop/Pj_Radar_2D_LADJICI_Ayoub/Partie_6/src/ip_neopixel.vhd Line: 70
Info (10041): Inferred latch for "memoire[9][15]" at ip_neopixel.vhd(70) File: C:/Users/ayoub/Desktop/Pj_Radar_2D_LADJICI_Ayoub/Partie_6/src/ip_neopixel.vhd Line: 70
Info (10041): Inferred latch for "memoire[9][16]" at ip_neopixel.vhd(70) File: C:/Users/ayoub/Desktop/Pj_Radar_2D_LADJICI_Ayoub/Partie_6/src/ip_neopixel.vhd Line: 70
Info (10041): Inferred latch for "memoire[9][17]" at ip_neopixel.vhd(70) File: C:/Users/ayoub/Desktop/Pj_Radar_2D_LADJICI_Ayoub/Partie_6/src/ip_neopixel.vhd Line: 70
Info (10041): Inferred latch for "memoire[9][18]" at ip_neopixel.vhd(70) File: C:/Users/ayoub/Desktop/Pj_Radar_2D_LADJICI_Ayoub/Partie_6/src/ip_neopixel.vhd Line: 70
Info (10041): Inferred latch for "memoire[9][19]" at ip_neopixel.vhd(70) File: C:/Users/ayoub/Desktop/Pj_Radar_2D_LADJICI_Ayoub/Partie_6/src/ip_neopixel.vhd Line: 70
Info (10041): Inferred latch for "memoire[9][20]" at ip_neopixel.vhd(70) File: C:/Users/ayoub/Desktop/Pj_Radar_2D_LADJICI_Ayoub/Partie_6/src/ip_neopixel.vhd Line: 70
Info (10041): Inferred latch for "memoire[9][21]" at ip_neopixel.vhd(70) File: C:/Users/ayoub/Desktop/Pj_Radar_2D_LADJICI_Ayoub/Partie_6/src/ip_neopixel.vhd Line: 70
Info (10041): Inferred latch for "memoire[9][22]" at ip_neopixel.vhd(70) File: C:/Users/ayoub/Desktop/Pj_Radar_2D_LADJICI_Ayoub/Partie_6/src/ip_neopixel.vhd Line: 70
Info (10041): Inferred latch for "memoire[9][23]" at ip_neopixel.vhd(70) File: C:/Users/ayoub/Desktop/Pj_Radar_2D_LADJICI_Ayoub/Partie_6/src/ip_neopixel.vhd Line: 70
Info (10041): Inferred latch for "memoire[8][0]" at ip_neopixel.vhd(70) File: C:/Users/ayoub/Desktop/Pj_Radar_2D_LADJICI_Ayoub/Partie_6/src/ip_neopixel.vhd Line: 70
Info (10041): Inferred latch for "memoire[8][1]" at ip_neopixel.vhd(70) File: C:/Users/ayoub/Desktop/Pj_Radar_2D_LADJICI_Ayoub/Partie_6/src/ip_neopixel.vhd Line: 70
Info (10041): Inferred latch for "memoire[8][2]" at ip_neopixel.vhd(70) File: C:/Users/ayoub/Desktop/Pj_Radar_2D_LADJICI_Ayoub/Partie_6/src/ip_neopixel.vhd Line: 70
Info (10041): Inferred latch for "memoire[8][3]" at ip_neopixel.vhd(70) File: C:/Users/ayoub/Desktop/Pj_Radar_2D_LADJICI_Ayoub/Partie_6/src/ip_neopixel.vhd Line: 70
Info (10041): Inferred latch for "memoire[8][4]" at ip_neopixel.vhd(70) File: C:/Users/ayoub/Desktop/Pj_Radar_2D_LADJICI_Ayoub/Partie_6/src/ip_neopixel.vhd Line: 70
Info (10041): Inferred latch for "memoire[8][5]" at ip_neopixel.vhd(70) File: C:/Users/ayoub/Desktop/Pj_Radar_2D_LADJICI_Ayoub/Partie_6/src/ip_neopixel.vhd Line: 70
Info (10041): Inferred latch for "memoire[8][6]" at ip_neopixel.vhd(70) File: C:/Users/ayoub/Desktop/Pj_Radar_2D_LADJICI_Ayoub/Partie_6/src/ip_neopixel.vhd Line: 70
Info (10041): Inferred latch for "memoire[8][7]" at ip_neopixel.vhd(70) File: C:/Users/ayoub/Desktop/Pj_Radar_2D_LADJICI_Ayoub/Partie_6/src/ip_neopixel.vhd Line: 70
Info (10041): Inferred latch for "memoire[8][8]" at ip_neopixel.vhd(70) File: C:/Users/ayoub/Desktop/Pj_Radar_2D_LADJICI_Ayoub/Partie_6/src/ip_neopixel.vhd Line: 70
Info (10041): Inferred latch for "memoire[8][9]" at ip_neopixel.vhd(70) File: C:/Users/ayoub/Desktop/Pj_Radar_2D_LADJICI_Ayoub/Partie_6/src/ip_neopixel.vhd Line: 70
Info (10041): Inferred latch for "memoire[8][10]" at ip_neopixel.vhd(70) File: C:/Users/ayoub/Desktop/Pj_Radar_2D_LADJICI_Ayoub/Partie_6/src/ip_neopixel.vhd Line: 70
Info (10041): Inferred latch for "memoire[8][11]" at ip_neopixel.vhd(70) File: C:/Users/ayoub/Desktop/Pj_Radar_2D_LADJICI_Ayoub/Partie_6/src/ip_neopixel.vhd Line: 70
Info (10041): Inferred latch for "memoire[8][12]" at ip_neopixel.vhd(70) File: C:/Users/ayoub/Desktop/Pj_Radar_2D_LADJICI_Ayoub/Partie_6/src/ip_neopixel.vhd Line: 70
Info (10041): Inferred latch for "memoire[8][13]" at ip_neopixel.vhd(70) File: C:/Users/ayoub/Desktop/Pj_Radar_2D_LADJICI_Ayoub/Partie_6/src/ip_neopixel.vhd Line: 70
Info (10041): Inferred latch for "memoire[8][14]" at ip_neopixel.vhd(70) File: C:/Users/ayoub/Desktop/Pj_Radar_2D_LADJICI_Ayoub/Partie_6/src/ip_neopixel.vhd Line: 70
Info (10041): Inferred latch for "memoire[8][15]" at ip_neopixel.vhd(70) File: C:/Users/ayoub/Desktop/Pj_Radar_2D_LADJICI_Ayoub/Partie_6/src/ip_neopixel.vhd Line: 70
Info (10041): Inferred latch for "memoire[8][16]" at ip_neopixel.vhd(70) File: C:/Users/ayoub/Desktop/Pj_Radar_2D_LADJICI_Ayoub/Partie_6/src/ip_neopixel.vhd Line: 70
Info (10041): Inferred latch for "memoire[8][17]" at ip_neopixel.vhd(70) File: C:/Users/ayoub/Desktop/Pj_Radar_2D_LADJICI_Ayoub/Partie_6/src/ip_neopixel.vhd Line: 70
Info (10041): Inferred latch for "memoire[8][18]" at ip_neopixel.vhd(70) File: C:/Users/ayoub/Desktop/Pj_Radar_2D_LADJICI_Ayoub/Partie_6/src/ip_neopixel.vhd Line: 70
Info (10041): Inferred latch for "memoire[8][19]" at ip_neopixel.vhd(70) File: C:/Users/ayoub/Desktop/Pj_Radar_2D_LADJICI_Ayoub/Partie_6/src/ip_neopixel.vhd Line: 70
Info (10041): Inferred latch for "memoire[8][20]" at ip_neopixel.vhd(70) File: C:/Users/ayoub/Desktop/Pj_Radar_2D_LADJICI_Ayoub/Partie_6/src/ip_neopixel.vhd Line: 70
Info (10041): Inferred latch for "memoire[8][21]" at ip_neopixel.vhd(70) File: C:/Users/ayoub/Desktop/Pj_Radar_2D_LADJICI_Ayoub/Partie_6/src/ip_neopixel.vhd Line: 70
Info (10041): Inferred latch for "memoire[8][22]" at ip_neopixel.vhd(70) File: C:/Users/ayoub/Desktop/Pj_Radar_2D_LADJICI_Ayoub/Partie_6/src/ip_neopixel.vhd Line: 70
Info (10041): Inferred latch for "memoire[8][23]" at ip_neopixel.vhd(70) File: C:/Users/ayoub/Desktop/Pj_Radar_2D_LADJICI_Ayoub/Partie_6/src/ip_neopixel.vhd Line: 70
Info (10041): Inferred latch for "memoire[7][0]" at ip_neopixel.vhd(70) File: C:/Users/ayoub/Desktop/Pj_Radar_2D_LADJICI_Ayoub/Partie_6/src/ip_neopixel.vhd Line: 70
Info (10041): Inferred latch for "memoire[7][1]" at ip_neopixel.vhd(70) File: C:/Users/ayoub/Desktop/Pj_Radar_2D_LADJICI_Ayoub/Partie_6/src/ip_neopixel.vhd Line: 70
Info (10041): Inferred latch for "memoire[7][2]" at ip_neopixel.vhd(70) File: C:/Users/ayoub/Desktop/Pj_Radar_2D_LADJICI_Ayoub/Partie_6/src/ip_neopixel.vhd Line: 70
Info (10041): Inferred latch for "memoire[7][3]" at ip_neopixel.vhd(70) File: C:/Users/ayoub/Desktop/Pj_Radar_2D_LADJICI_Ayoub/Partie_6/src/ip_neopixel.vhd Line: 70
Info (10041): Inferred latch for "memoire[7][4]" at ip_neopixel.vhd(70) File: C:/Users/ayoub/Desktop/Pj_Radar_2D_LADJICI_Ayoub/Partie_6/src/ip_neopixel.vhd Line: 70
Info (10041): Inferred latch for "memoire[7][5]" at ip_neopixel.vhd(70) File: C:/Users/ayoub/Desktop/Pj_Radar_2D_LADJICI_Ayoub/Partie_6/src/ip_neopixel.vhd Line: 70
Info (10041): Inferred latch for "memoire[7][6]" at ip_neopixel.vhd(70) File: C:/Users/ayoub/Desktop/Pj_Radar_2D_LADJICI_Ayoub/Partie_6/src/ip_neopixel.vhd Line: 70
Info (10041): Inferred latch for "memoire[7][7]" at ip_neopixel.vhd(70) File: C:/Users/ayoub/Desktop/Pj_Radar_2D_LADJICI_Ayoub/Partie_6/src/ip_neopixel.vhd Line: 70
Info (10041): Inferred latch for "memoire[7][8]" at ip_neopixel.vhd(70) File: C:/Users/ayoub/Desktop/Pj_Radar_2D_LADJICI_Ayoub/Partie_6/src/ip_neopixel.vhd Line: 70
Info (10041): Inferred latch for "memoire[7][9]" at ip_neopixel.vhd(70) File: C:/Users/ayoub/Desktop/Pj_Radar_2D_LADJICI_Ayoub/Partie_6/src/ip_neopixel.vhd Line: 70
Info (10041): Inferred latch for "memoire[7][10]" at ip_neopixel.vhd(70) File: C:/Users/ayoub/Desktop/Pj_Radar_2D_LADJICI_Ayoub/Partie_6/src/ip_neopixel.vhd Line: 70
Info (10041): Inferred latch for "memoire[7][11]" at ip_neopixel.vhd(70) File: C:/Users/ayoub/Desktop/Pj_Radar_2D_LADJICI_Ayoub/Partie_6/src/ip_neopixel.vhd Line: 70
Info (10041): Inferred latch for "memoire[7][12]" at ip_neopixel.vhd(70) File: C:/Users/ayoub/Desktop/Pj_Radar_2D_LADJICI_Ayoub/Partie_6/src/ip_neopixel.vhd Line: 70
Info (10041): Inferred latch for "memoire[7][13]" at ip_neopixel.vhd(70) File: C:/Users/ayoub/Desktop/Pj_Radar_2D_LADJICI_Ayoub/Partie_6/src/ip_neopixel.vhd Line: 70
Info (10041): Inferred latch for "memoire[7][14]" at ip_neopixel.vhd(70) File: C:/Users/ayoub/Desktop/Pj_Radar_2D_LADJICI_Ayoub/Partie_6/src/ip_neopixel.vhd Line: 70
Info (10041): Inferred latch for "memoire[7][15]" at ip_neopixel.vhd(70) File: C:/Users/ayoub/Desktop/Pj_Radar_2D_LADJICI_Ayoub/Partie_6/src/ip_neopixel.vhd Line: 70
Info (10041): Inferred latch for "memoire[7][16]" at ip_neopixel.vhd(70) File: C:/Users/ayoub/Desktop/Pj_Radar_2D_LADJICI_Ayoub/Partie_6/src/ip_neopixel.vhd Line: 70
Info (10041): Inferred latch for "memoire[7][17]" at ip_neopixel.vhd(70) File: C:/Users/ayoub/Desktop/Pj_Radar_2D_LADJICI_Ayoub/Partie_6/src/ip_neopixel.vhd Line: 70
Info (10041): Inferred latch for "memoire[7][18]" at ip_neopixel.vhd(70) File: C:/Users/ayoub/Desktop/Pj_Radar_2D_LADJICI_Ayoub/Partie_6/src/ip_neopixel.vhd Line: 70
Info (10041): Inferred latch for "memoire[7][19]" at ip_neopixel.vhd(70) File: C:/Users/ayoub/Desktop/Pj_Radar_2D_LADJICI_Ayoub/Partie_6/src/ip_neopixel.vhd Line: 70
Info (10041): Inferred latch for "memoire[7][20]" at ip_neopixel.vhd(70) File: C:/Users/ayoub/Desktop/Pj_Radar_2D_LADJICI_Ayoub/Partie_6/src/ip_neopixel.vhd Line: 70
Info (10041): Inferred latch for "memoire[7][21]" at ip_neopixel.vhd(70) File: C:/Users/ayoub/Desktop/Pj_Radar_2D_LADJICI_Ayoub/Partie_6/src/ip_neopixel.vhd Line: 70
Info (10041): Inferred latch for "memoire[7][22]" at ip_neopixel.vhd(70) File: C:/Users/ayoub/Desktop/Pj_Radar_2D_LADJICI_Ayoub/Partie_6/src/ip_neopixel.vhd Line: 70
Info (10041): Inferred latch for "memoire[7][23]" at ip_neopixel.vhd(70) File: C:/Users/ayoub/Desktop/Pj_Radar_2D_LADJICI_Ayoub/Partie_6/src/ip_neopixel.vhd Line: 70
Info (10041): Inferred latch for "memoire[6][0]" at ip_neopixel.vhd(70) File: C:/Users/ayoub/Desktop/Pj_Radar_2D_LADJICI_Ayoub/Partie_6/src/ip_neopixel.vhd Line: 70
Info (10041): Inferred latch for "memoire[6][1]" at ip_neopixel.vhd(70) File: C:/Users/ayoub/Desktop/Pj_Radar_2D_LADJICI_Ayoub/Partie_6/src/ip_neopixel.vhd Line: 70
Info (10041): Inferred latch for "memoire[6][2]" at ip_neopixel.vhd(70) File: C:/Users/ayoub/Desktop/Pj_Radar_2D_LADJICI_Ayoub/Partie_6/src/ip_neopixel.vhd Line: 70
Info (10041): Inferred latch for "memoire[6][3]" at ip_neopixel.vhd(70) File: C:/Users/ayoub/Desktop/Pj_Radar_2D_LADJICI_Ayoub/Partie_6/src/ip_neopixel.vhd Line: 70
Info (10041): Inferred latch for "memoire[6][4]" at ip_neopixel.vhd(70) File: C:/Users/ayoub/Desktop/Pj_Radar_2D_LADJICI_Ayoub/Partie_6/src/ip_neopixel.vhd Line: 70
Info (10041): Inferred latch for "memoire[6][5]" at ip_neopixel.vhd(70) File: C:/Users/ayoub/Desktop/Pj_Radar_2D_LADJICI_Ayoub/Partie_6/src/ip_neopixel.vhd Line: 70
Info (10041): Inferred latch for "memoire[6][6]" at ip_neopixel.vhd(70) File: C:/Users/ayoub/Desktop/Pj_Radar_2D_LADJICI_Ayoub/Partie_6/src/ip_neopixel.vhd Line: 70
Info (10041): Inferred latch for "memoire[6][7]" at ip_neopixel.vhd(70) File: C:/Users/ayoub/Desktop/Pj_Radar_2D_LADJICI_Ayoub/Partie_6/src/ip_neopixel.vhd Line: 70
Info (10041): Inferred latch for "memoire[6][8]" at ip_neopixel.vhd(70) File: C:/Users/ayoub/Desktop/Pj_Radar_2D_LADJICI_Ayoub/Partie_6/src/ip_neopixel.vhd Line: 70
Info (10041): Inferred latch for "memoire[6][9]" at ip_neopixel.vhd(70) File: C:/Users/ayoub/Desktop/Pj_Radar_2D_LADJICI_Ayoub/Partie_6/src/ip_neopixel.vhd Line: 70
Info (10041): Inferred latch for "memoire[6][10]" at ip_neopixel.vhd(70) File: C:/Users/ayoub/Desktop/Pj_Radar_2D_LADJICI_Ayoub/Partie_6/src/ip_neopixel.vhd Line: 70
Info (10041): Inferred latch for "memoire[6][11]" at ip_neopixel.vhd(70) File: C:/Users/ayoub/Desktop/Pj_Radar_2D_LADJICI_Ayoub/Partie_6/src/ip_neopixel.vhd Line: 70
Info (10041): Inferred latch for "memoire[6][12]" at ip_neopixel.vhd(70) File: C:/Users/ayoub/Desktop/Pj_Radar_2D_LADJICI_Ayoub/Partie_6/src/ip_neopixel.vhd Line: 70
Info (10041): Inferred latch for "memoire[6][13]" at ip_neopixel.vhd(70) File: C:/Users/ayoub/Desktop/Pj_Radar_2D_LADJICI_Ayoub/Partie_6/src/ip_neopixel.vhd Line: 70
Info (10041): Inferred latch for "memoire[6][14]" at ip_neopixel.vhd(70) File: C:/Users/ayoub/Desktop/Pj_Radar_2D_LADJICI_Ayoub/Partie_6/src/ip_neopixel.vhd Line: 70
Info (10041): Inferred latch for "memoire[6][15]" at ip_neopixel.vhd(70) File: C:/Users/ayoub/Desktop/Pj_Radar_2D_LADJICI_Ayoub/Partie_6/src/ip_neopixel.vhd Line: 70
Info (10041): Inferred latch for "memoire[6][16]" at ip_neopixel.vhd(70) File: C:/Users/ayoub/Desktop/Pj_Radar_2D_LADJICI_Ayoub/Partie_6/src/ip_neopixel.vhd Line: 70
Info (10041): Inferred latch for "memoire[6][17]" at ip_neopixel.vhd(70) File: C:/Users/ayoub/Desktop/Pj_Radar_2D_LADJICI_Ayoub/Partie_6/src/ip_neopixel.vhd Line: 70
Info (10041): Inferred latch for "memoire[6][18]" at ip_neopixel.vhd(70) File: C:/Users/ayoub/Desktop/Pj_Radar_2D_LADJICI_Ayoub/Partie_6/src/ip_neopixel.vhd Line: 70
Info (10041): Inferred latch for "memoire[6][19]" at ip_neopixel.vhd(70) File: C:/Users/ayoub/Desktop/Pj_Radar_2D_LADJICI_Ayoub/Partie_6/src/ip_neopixel.vhd Line: 70
Info (10041): Inferred latch for "memoire[6][20]" at ip_neopixel.vhd(70) File: C:/Users/ayoub/Desktop/Pj_Radar_2D_LADJICI_Ayoub/Partie_6/src/ip_neopixel.vhd Line: 70
Info (10041): Inferred latch for "memoire[6][21]" at ip_neopixel.vhd(70) File: C:/Users/ayoub/Desktop/Pj_Radar_2D_LADJICI_Ayoub/Partie_6/src/ip_neopixel.vhd Line: 70
Info (10041): Inferred latch for "memoire[6][22]" at ip_neopixel.vhd(70) File: C:/Users/ayoub/Desktop/Pj_Radar_2D_LADJICI_Ayoub/Partie_6/src/ip_neopixel.vhd Line: 70
Info (10041): Inferred latch for "memoire[6][23]" at ip_neopixel.vhd(70) File: C:/Users/ayoub/Desktop/Pj_Radar_2D_LADJICI_Ayoub/Partie_6/src/ip_neopixel.vhd Line: 70
Info (10041): Inferred latch for "memoire[5][0]" at ip_neopixel.vhd(70) File: C:/Users/ayoub/Desktop/Pj_Radar_2D_LADJICI_Ayoub/Partie_6/src/ip_neopixel.vhd Line: 70
Info (10041): Inferred latch for "memoire[5][1]" at ip_neopixel.vhd(70) File: C:/Users/ayoub/Desktop/Pj_Radar_2D_LADJICI_Ayoub/Partie_6/src/ip_neopixel.vhd Line: 70
Info (10041): Inferred latch for "memoire[5][2]" at ip_neopixel.vhd(70) File: C:/Users/ayoub/Desktop/Pj_Radar_2D_LADJICI_Ayoub/Partie_6/src/ip_neopixel.vhd Line: 70
Info (10041): Inferred latch for "memoire[5][3]" at ip_neopixel.vhd(70) File: C:/Users/ayoub/Desktop/Pj_Radar_2D_LADJICI_Ayoub/Partie_6/src/ip_neopixel.vhd Line: 70
Info (10041): Inferred latch for "memoire[5][4]" at ip_neopixel.vhd(70) File: C:/Users/ayoub/Desktop/Pj_Radar_2D_LADJICI_Ayoub/Partie_6/src/ip_neopixel.vhd Line: 70
Info (10041): Inferred latch for "memoire[5][5]" at ip_neopixel.vhd(70) File: C:/Users/ayoub/Desktop/Pj_Radar_2D_LADJICI_Ayoub/Partie_6/src/ip_neopixel.vhd Line: 70
Info (10041): Inferred latch for "memoire[5][6]" at ip_neopixel.vhd(70) File: C:/Users/ayoub/Desktop/Pj_Radar_2D_LADJICI_Ayoub/Partie_6/src/ip_neopixel.vhd Line: 70
Info (10041): Inferred latch for "memoire[5][7]" at ip_neopixel.vhd(70) File: C:/Users/ayoub/Desktop/Pj_Radar_2D_LADJICI_Ayoub/Partie_6/src/ip_neopixel.vhd Line: 70
Info (10041): Inferred latch for "memoire[5][8]" at ip_neopixel.vhd(70) File: C:/Users/ayoub/Desktop/Pj_Radar_2D_LADJICI_Ayoub/Partie_6/src/ip_neopixel.vhd Line: 70
Info (10041): Inferred latch for "memoire[5][9]" at ip_neopixel.vhd(70) File: C:/Users/ayoub/Desktop/Pj_Radar_2D_LADJICI_Ayoub/Partie_6/src/ip_neopixel.vhd Line: 70
Info (10041): Inferred latch for "memoire[5][10]" at ip_neopixel.vhd(70) File: C:/Users/ayoub/Desktop/Pj_Radar_2D_LADJICI_Ayoub/Partie_6/src/ip_neopixel.vhd Line: 70
Info (10041): Inferred latch for "memoire[5][11]" at ip_neopixel.vhd(70) File: C:/Users/ayoub/Desktop/Pj_Radar_2D_LADJICI_Ayoub/Partie_6/src/ip_neopixel.vhd Line: 70
Info (10041): Inferred latch for "memoire[5][12]" at ip_neopixel.vhd(70) File: C:/Users/ayoub/Desktop/Pj_Radar_2D_LADJICI_Ayoub/Partie_6/src/ip_neopixel.vhd Line: 70
Info (10041): Inferred latch for "memoire[5][13]" at ip_neopixel.vhd(70) File: C:/Users/ayoub/Desktop/Pj_Radar_2D_LADJICI_Ayoub/Partie_6/src/ip_neopixel.vhd Line: 70
Info (10041): Inferred latch for "memoire[5][14]" at ip_neopixel.vhd(70) File: C:/Users/ayoub/Desktop/Pj_Radar_2D_LADJICI_Ayoub/Partie_6/src/ip_neopixel.vhd Line: 70
Info (10041): Inferred latch for "memoire[5][15]" at ip_neopixel.vhd(70) File: C:/Users/ayoub/Desktop/Pj_Radar_2D_LADJICI_Ayoub/Partie_6/src/ip_neopixel.vhd Line: 70
Info (10041): Inferred latch for "memoire[5][16]" at ip_neopixel.vhd(70) File: C:/Users/ayoub/Desktop/Pj_Radar_2D_LADJICI_Ayoub/Partie_6/src/ip_neopixel.vhd Line: 70
Info (10041): Inferred latch for "memoire[5][17]" at ip_neopixel.vhd(70) File: C:/Users/ayoub/Desktop/Pj_Radar_2D_LADJICI_Ayoub/Partie_6/src/ip_neopixel.vhd Line: 70
Info (10041): Inferred latch for "memoire[5][18]" at ip_neopixel.vhd(70) File: C:/Users/ayoub/Desktop/Pj_Radar_2D_LADJICI_Ayoub/Partie_6/src/ip_neopixel.vhd Line: 70
Info (10041): Inferred latch for "memoire[5][19]" at ip_neopixel.vhd(70) File: C:/Users/ayoub/Desktop/Pj_Radar_2D_LADJICI_Ayoub/Partie_6/src/ip_neopixel.vhd Line: 70
Info (10041): Inferred latch for "memoire[5][20]" at ip_neopixel.vhd(70) File: C:/Users/ayoub/Desktop/Pj_Radar_2D_LADJICI_Ayoub/Partie_6/src/ip_neopixel.vhd Line: 70
Info (10041): Inferred latch for "memoire[5][21]" at ip_neopixel.vhd(70) File: C:/Users/ayoub/Desktop/Pj_Radar_2D_LADJICI_Ayoub/Partie_6/src/ip_neopixel.vhd Line: 70
Info (10041): Inferred latch for "memoire[5][22]" at ip_neopixel.vhd(70) File: C:/Users/ayoub/Desktop/Pj_Radar_2D_LADJICI_Ayoub/Partie_6/src/ip_neopixel.vhd Line: 70
Info (10041): Inferred latch for "memoire[5][23]" at ip_neopixel.vhd(70) File: C:/Users/ayoub/Desktop/Pj_Radar_2D_LADJICI_Ayoub/Partie_6/src/ip_neopixel.vhd Line: 70
Info (10041): Inferred latch for "memoire[4][0]" at ip_neopixel.vhd(70) File: C:/Users/ayoub/Desktop/Pj_Radar_2D_LADJICI_Ayoub/Partie_6/src/ip_neopixel.vhd Line: 70
Info (10041): Inferred latch for "memoire[4][1]" at ip_neopixel.vhd(70) File: C:/Users/ayoub/Desktop/Pj_Radar_2D_LADJICI_Ayoub/Partie_6/src/ip_neopixel.vhd Line: 70
Info (10041): Inferred latch for "memoire[4][2]" at ip_neopixel.vhd(70) File: C:/Users/ayoub/Desktop/Pj_Radar_2D_LADJICI_Ayoub/Partie_6/src/ip_neopixel.vhd Line: 70
Info (10041): Inferred latch for "memoire[4][3]" at ip_neopixel.vhd(70) File: C:/Users/ayoub/Desktop/Pj_Radar_2D_LADJICI_Ayoub/Partie_6/src/ip_neopixel.vhd Line: 70
Info (10041): Inferred latch for "memoire[4][4]" at ip_neopixel.vhd(70) File: C:/Users/ayoub/Desktop/Pj_Radar_2D_LADJICI_Ayoub/Partie_6/src/ip_neopixel.vhd Line: 70
Info (10041): Inferred latch for "memoire[4][5]" at ip_neopixel.vhd(70) File: C:/Users/ayoub/Desktop/Pj_Radar_2D_LADJICI_Ayoub/Partie_6/src/ip_neopixel.vhd Line: 70
Info (10041): Inferred latch for "memoire[4][6]" at ip_neopixel.vhd(70) File: C:/Users/ayoub/Desktop/Pj_Radar_2D_LADJICI_Ayoub/Partie_6/src/ip_neopixel.vhd Line: 70
Info (10041): Inferred latch for "memoire[4][7]" at ip_neopixel.vhd(70) File: C:/Users/ayoub/Desktop/Pj_Radar_2D_LADJICI_Ayoub/Partie_6/src/ip_neopixel.vhd Line: 70
Info (10041): Inferred latch for "memoire[4][8]" at ip_neopixel.vhd(70) File: C:/Users/ayoub/Desktop/Pj_Radar_2D_LADJICI_Ayoub/Partie_6/src/ip_neopixel.vhd Line: 70
Info (10041): Inferred latch for "memoire[4][9]" at ip_neopixel.vhd(70) File: C:/Users/ayoub/Desktop/Pj_Radar_2D_LADJICI_Ayoub/Partie_6/src/ip_neopixel.vhd Line: 70
Info (10041): Inferred latch for "memoire[4][10]" at ip_neopixel.vhd(70) File: C:/Users/ayoub/Desktop/Pj_Radar_2D_LADJICI_Ayoub/Partie_6/src/ip_neopixel.vhd Line: 70
Info (10041): Inferred latch for "memoire[4][11]" at ip_neopixel.vhd(70) File: C:/Users/ayoub/Desktop/Pj_Radar_2D_LADJICI_Ayoub/Partie_6/src/ip_neopixel.vhd Line: 70
Info (10041): Inferred latch for "memoire[4][12]" at ip_neopixel.vhd(70) File: C:/Users/ayoub/Desktop/Pj_Radar_2D_LADJICI_Ayoub/Partie_6/src/ip_neopixel.vhd Line: 70
Info (10041): Inferred latch for "memoire[4][13]" at ip_neopixel.vhd(70) File: C:/Users/ayoub/Desktop/Pj_Radar_2D_LADJICI_Ayoub/Partie_6/src/ip_neopixel.vhd Line: 70
Info (10041): Inferred latch for "memoire[4][14]" at ip_neopixel.vhd(70) File: C:/Users/ayoub/Desktop/Pj_Radar_2D_LADJICI_Ayoub/Partie_6/src/ip_neopixel.vhd Line: 70
Info (10041): Inferred latch for "memoire[4][15]" at ip_neopixel.vhd(70) File: C:/Users/ayoub/Desktop/Pj_Radar_2D_LADJICI_Ayoub/Partie_6/src/ip_neopixel.vhd Line: 70
Info (10041): Inferred latch for "memoire[4][16]" at ip_neopixel.vhd(70) File: C:/Users/ayoub/Desktop/Pj_Radar_2D_LADJICI_Ayoub/Partie_6/src/ip_neopixel.vhd Line: 70
Info (10041): Inferred latch for "memoire[4][17]" at ip_neopixel.vhd(70) File: C:/Users/ayoub/Desktop/Pj_Radar_2D_LADJICI_Ayoub/Partie_6/src/ip_neopixel.vhd Line: 70
Info (10041): Inferred latch for "memoire[4][18]" at ip_neopixel.vhd(70) File: C:/Users/ayoub/Desktop/Pj_Radar_2D_LADJICI_Ayoub/Partie_6/src/ip_neopixel.vhd Line: 70
Info (10041): Inferred latch for "memoire[4][19]" at ip_neopixel.vhd(70) File: C:/Users/ayoub/Desktop/Pj_Radar_2D_LADJICI_Ayoub/Partie_6/src/ip_neopixel.vhd Line: 70
Info (10041): Inferred latch for "memoire[4][20]" at ip_neopixel.vhd(70) File: C:/Users/ayoub/Desktop/Pj_Radar_2D_LADJICI_Ayoub/Partie_6/src/ip_neopixel.vhd Line: 70
Info (10041): Inferred latch for "memoire[4][21]" at ip_neopixel.vhd(70) File: C:/Users/ayoub/Desktop/Pj_Radar_2D_LADJICI_Ayoub/Partie_6/src/ip_neopixel.vhd Line: 70
Info (10041): Inferred latch for "memoire[4][22]" at ip_neopixel.vhd(70) File: C:/Users/ayoub/Desktop/Pj_Radar_2D_LADJICI_Ayoub/Partie_6/src/ip_neopixel.vhd Line: 70
Info (10041): Inferred latch for "memoire[4][23]" at ip_neopixel.vhd(70) File: C:/Users/ayoub/Desktop/Pj_Radar_2D_LADJICI_Ayoub/Partie_6/src/ip_neopixel.vhd Line: 70
Info (10041): Inferred latch for "memoire[3][0]" at ip_neopixel.vhd(70) File: C:/Users/ayoub/Desktop/Pj_Radar_2D_LADJICI_Ayoub/Partie_6/src/ip_neopixel.vhd Line: 70
Info (10041): Inferred latch for "memoire[3][1]" at ip_neopixel.vhd(70) File: C:/Users/ayoub/Desktop/Pj_Radar_2D_LADJICI_Ayoub/Partie_6/src/ip_neopixel.vhd Line: 70
Info (10041): Inferred latch for "memoire[3][2]" at ip_neopixel.vhd(70) File: C:/Users/ayoub/Desktop/Pj_Radar_2D_LADJICI_Ayoub/Partie_6/src/ip_neopixel.vhd Line: 70
Info (10041): Inferred latch for "memoire[3][3]" at ip_neopixel.vhd(70) File: C:/Users/ayoub/Desktop/Pj_Radar_2D_LADJICI_Ayoub/Partie_6/src/ip_neopixel.vhd Line: 70
Info (10041): Inferred latch for "memoire[3][4]" at ip_neopixel.vhd(70) File: C:/Users/ayoub/Desktop/Pj_Radar_2D_LADJICI_Ayoub/Partie_6/src/ip_neopixel.vhd Line: 70
Info (10041): Inferred latch for "memoire[3][5]" at ip_neopixel.vhd(70) File: C:/Users/ayoub/Desktop/Pj_Radar_2D_LADJICI_Ayoub/Partie_6/src/ip_neopixel.vhd Line: 70
Info (10041): Inferred latch for "memoire[3][6]" at ip_neopixel.vhd(70) File: C:/Users/ayoub/Desktop/Pj_Radar_2D_LADJICI_Ayoub/Partie_6/src/ip_neopixel.vhd Line: 70
Info (10041): Inferred latch for "memoire[3][7]" at ip_neopixel.vhd(70) File: C:/Users/ayoub/Desktop/Pj_Radar_2D_LADJICI_Ayoub/Partie_6/src/ip_neopixel.vhd Line: 70
Info (10041): Inferred latch for "memoire[3][8]" at ip_neopixel.vhd(70) File: C:/Users/ayoub/Desktop/Pj_Radar_2D_LADJICI_Ayoub/Partie_6/src/ip_neopixel.vhd Line: 70
Info (10041): Inferred latch for "memoire[3][9]" at ip_neopixel.vhd(70) File: C:/Users/ayoub/Desktop/Pj_Radar_2D_LADJICI_Ayoub/Partie_6/src/ip_neopixel.vhd Line: 70
Info (10041): Inferred latch for "memoire[3][10]" at ip_neopixel.vhd(70) File: C:/Users/ayoub/Desktop/Pj_Radar_2D_LADJICI_Ayoub/Partie_6/src/ip_neopixel.vhd Line: 70
Info (10041): Inferred latch for "memoire[3][11]" at ip_neopixel.vhd(70) File: C:/Users/ayoub/Desktop/Pj_Radar_2D_LADJICI_Ayoub/Partie_6/src/ip_neopixel.vhd Line: 70
Info (10041): Inferred latch for "memoire[3][12]" at ip_neopixel.vhd(70) File: C:/Users/ayoub/Desktop/Pj_Radar_2D_LADJICI_Ayoub/Partie_6/src/ip_neopixel.vhd Line: 70
Info (10041): Inferred latch for "memoire[3][13]" at ip_neopixel.vhd(70) File: C:/Users/ayoub/Desktop/Pj_Radar_2D_LADJICI_Ayoub/Partie_6/src/ip_neopixel.vhd Line: 70
Info (10041): Inferred latch for "memoire[3][14]" at ip_neopixel.vhd(70) File: C:/Users/ayoub/Desktop/Pj_Radar_2D_LADJICI_Ayoub/Partie_6/src/ip_neopixel.vhd Line: 70
Info (10041): Inferred latch for "memoire[3][15]" at ip_neopixel.vhd(70) File: C:/Users/ayoub/Desktop/Pj_Radar_2D_LADJICI_Ayoub/Partie_6/src/ip_neopixel.vhd Line: 70
Info (10041): Inferred latch for "memoire[3][16]" at ip_neopixel.vhd(70) File: C:/Users/ayoub/Desktop/Pj_Radar_2D_LADJICI_Ayoub/Partie_6/src/ip_neopixel.vhd Line: 70
Info (10041): Inferred latch for "memoire[3][17]" at ip_neopixel.vhd(70) File: C:/Users/ayoub/Desktop/Pj_Radar_2D_LADJICI_Ayoub/Partie_6/src/ip_neopixel.vhd Line: 70
Info (10041): Inferred latch for "memoire[3][18]" at ip_neopixel.vhd(70) File: C:/Users/ayoub/Desktop/Pj_Radar_2D_LADJICI_Ayoub/Partie_6/src/ip_neopixel.vhd Line: 70
Info (10041): Inferred latch for "memoire[3][19]" at ip_neopixel.vhd(70) File: C:/Users/ayoub/Desktop/Pj_Radar_2D_LADJICI_Ayoub/Partie_6/src/ip_neopixel.vhd Line: 70
Info (10041): Inferred latch for "memoire[3][20]" at ip_neopixel.vhd(70) File: C:/Users/ayoub/Desktop/Pj_Radar_2D_LADJICI_Ayoub/Partie_6/src/ip_neopixel.vhd Line: 70
Info (10041): Inferred latch for "memoire[3][21]" at ip_neopixel.vhd(70) File: C:/Users/ayoub/Desktop/Pj_Radar_2D_LADJICI_Ayoub/Partie_6/src/ip_neopixel.vhd Line: 70
Info (10041): Inferred latch for "memoire[3][22]" at ip_neopixel.vhd(70) File: C:/Users/ayoub/Desktop/Pj_Radar_2D_LADJICI_Ayoub/Partie_6/src/ip_neopixel.vhd Line: 70
Info (10041): Inferred latch for "memoire[3][23]" at ip_neopixel.vhd(70) File: C:/Users/ayoub/Desktop/Pj_Radar_2D_LADJICI_Ayoub/Partie_6/src/ip_neopixel.vhd Line: 70
Info (10041): Inferred latch for "memoire[2][0]" at ip_neopixel.vhd(70) File: C:/Users/ayoub/Desktop/Pj_Radar_2D_LADJICI_Ayoub/Partie_6/src/ip_neopixel.vhd Line: 70
Info (10041): Inferred latch for "memoire[2][1]" at ip_neopixel.vhd(70) File: C:/Users/ayoub/Desktop/Pj_Radar_2D_LADJICI_Ayoub/Partie_6/src/ip_neopixel.vhd Line: 70
Info (10041): Inferred latch for "memoire[2][2]" at ip_neopixel.vhd(70) File: C:/Users/ayoub/Desktop/Pj_Radar_2D_LADJICI_Ayoub/Partie_6/src/ip_neopixel.vhd Line: 70
Info (10041): Inferred latch for "memoire[2][3]" at ip_neopixel.vhd(70) File: C:/Users/ayoub/Desktop/Pj_Radar_2D_LADJICI_Ayoub/Partie_6/src/ip_neopixel.vhd Line: 70
Info (10041): Inferred latch for "memoire[2][4]" at ip_neopixel.vhd(70) File: C:/Users/ayoub/Desktop/Pj_Radar_2D_LADJICI_Ayoub/Partie_6/src/ip_neopixel.vhd Line: 70
Info (10041): Inferred latch for "memoire[2][5]" at ip_neopixel.vhd(70) File: C:/Users/ayoub/Desktop/Pj_Radar_2D_LADJICI_Ayoub/Partie_6/src/ip_neopixel.vhd Line: 70
Info (10041): Inferred latch for "memoire[2][6]" at ip_neopixel.vhd(70) File: C:/Users/ayoub/Desktop/Pj_Radar_2D_LADJICI_Ayoub/Partie_6/src/ip_neopixel.vhd Line: 70
Info (10041): Inferred latch for "memoire[2][7]" at ip_neopixel.vhd(70) File: C:/Users/ayoub/Desktop/Pj_Radar_2D_LADJICI_Ayoub/Partie_6/src/ip_neopixel.vhd Line: 70
Info (10041): Inferred latch for "memoire[2][8]" at ip_neopixel.vhd(70) File: C:/Users/ayoub/Desktop/Pj_Radar_2D_LADJICI_Ayoub/Partie_6/src/ip_neopixel.vhd Line: 70
Info (10041): Inferred latch for "memoire[2][9]" at ip_neopixel.vhd(70) File: C:/Users/ayoub/Desktop/Pj_Radar_2D_LADJICI_Ayoub/Partie_6/src/ip_neopixel.vhd Line: 70
Info (10041): Inferred latch for "memoire[2][10]" at ip_neopixel.vhd(70) File: C:/Users/ayoub/Desktop/Pj_Radar_2D_LADJICI_Ayoub/Partie_6/src/ip_neopixel.vhd Line: 70
Info (10041): Inferred latch for "memoire[2][11]" at ip_neopixel.vhd(70) File: C:/Users/ayoub/Desktop/Pj_Radar_2D_LADJICI_Ayoub/Partie_6/src/ip_neopixel.vhd Line: 70
Info (10041): Inferred latch for "memoire[2][12]" at ip_neopixel.vhd(70) File: C:/Users/ayoub/Desktop/Pj_Radar_2D_LADJICI_Ayoub/Partie_6/src/ip_neopixel.vhd Line: 70
Info (10041): Inferred latch for "memoire[2][13]" at ip_neopixel.vhd(70) File: C:/Users/ayoub/Desktop/Pj_Radar_2D_LADJICI_Ayoub/Partie_6/src/ip_neopixel.vhd Line: 70
Info (10041): Inferred latch for "memoire[2][14]" at ip_neopixel.vhd(70) File: C:/Users/ayoub/Desktop/Pj_Radar_2D_LADJICI_Ayoub/Partie_6/src/ip_neopixel.vhd Line: 70
Info (10041): Inferred latch for "memoire[2][15]" at ip_neopixel.vhd(70) File: C:/Users/ayoub/Desktop/Pj_Radar_2D_LADJICI_Ayoub/Partie_6/src/ip_neopixel.vhd Line: 70
Info (10041): Inferred latch for "memoire[2][16]" at ip_neopixel.vhd(70) File: C:/Users/ayoub/Desktop/Pj_Radar_2D_LADJICI_Ayoub/Partie_6/src/ip_neopixel.vhd Line: 70
Info (10041): Inferred latch for "memoire[2][17]" at ip_neopixel.vhd(70) File: C:/Users/ayoub/Desktop/Pj_Radar_2D_LADJICI_Ayoub/Partie_6/src/ip_neopixel.vhd Line: 70
Info (10041): Inferred latch for "memoire[2][18]" at ip_neopixel.vhd(70) File: C:/Users/ayoub/Desktop/Pj_Radar_2D_LADJICI_Ayoub/Partie_6/src/ip_neopixel.vhd Line: 70
Info (10041): Inferred latch for "memoire[2][19]" at ip_neopixel.vhd(70) File: C:/Users/ayoub/Desktop/Pj_Radar_2D_LADJICI_Ayoub/Partie_6/src/ip_neopixel.vhd Line: 70
Info (10041): Inferred latch for "memoire[2][20]" at ip_neopixel.vhd(70) File: C:/Users/ayoub/Desktop/Pj_Radar_2D_LADJICI_Ayoub/Partie_6/src/ip_neopixel.vhd Line: 70
Info (10041): Inferred latch for "memoire[2][21]" at ip_neopixel.vhd(70) File: C:/Users/ayoub/Desktop/Pj_Radar_2D_LADJICI_Ayoub/Partie_6/src/ip_neopixel.vhd Line: 70
Info (10041): Inferred latch for "memoire[2][22]" at ip_neopixel.vhd(70) File: C:/Users/ayoub/Desktop/Pj_Radar_2D_LADJICI_Ayoub/Partie_6/src/ip_neopixel.vhd Line: 70
Info (10041): Inferred latch for "memoire[2][23]" at ip_neopixel.vhd(70) File: C:/Users/ayoub/Desktop/Pj_Radar_2D_LADJICI_Ayoub/Partie_6/src/ip_neopixel.vhd Line: 70
Info (10041): Inferred latch for "memoire[1][0]" at ip_neopixel.vhd(70) File: C:/Users/ayoub/Desktop/Pj_Radar_2D_LADJICI_Ayoub/Partie_6/src/ip_neopixel.vhd Line: 70
Info (10041): Inferred latch for "memoire[1][1]" at ip_neopixel.vhd(70) File: C:/Users/ayoub/Desktop/Pj_Radar_2D_LADJICI_Ayoub/Partie_6/src/ip_neopixel.vhd Line: 70
Info (10041): Inferred latch for "memoire[1][2]" at ip_neopixel.vhd(70) File: C:/Users/ayoub/Desktop/Pj_Radar_2D_LADJICI_Ayoub/Partie_6/src/ip_neopixel.vhd Line: 70
Info (10041): Inferred latch for "memoire[1][3]" at ip_neopixel.vhd(70) File: C:/Users/ayoub/Desktop/Pj_Radar_2D_LADJICI_Ayoub/Partie_6/src/ip_neopixel.vhd Line: 70
Info (10041): Inferred latch for "memoire[1][4]" at ip_neopixel.vhd(70) File: C:/Users/ayoub/Desktop/Pj_Radar_2D_LADJICI_Ayoub/Partie_6/src/ip_neopixel.vhd Line: 70
Info (10041): Inferred latch for "memoire[1][5]" at ip_neopixel.vhd(70) File: C:/Users/ayoub/Desktop/Pj_Radar_2D_LADJICI_Ayoub/Partie_6/src/ip_neopixel.vhd Line: 70
Info (10041): Inferred latch for "memoire[1][6]" at ip_neopixel.vhd(70) File: C:/Users/ayoub/Desktop/Pj_Radar_2D_LADJICI_Ayoub/Partie_6/src/ip_neopixel.vhd Line: 70
Info (10041): Inferred latch for "memoire[1][7]" at ip_neopixel.vhd(70) File: C:/Users/ayoub/Desktop/Pj_Radar_2D_LADJICI_Ayoub/Partie_6/src/ip_neopixel.vhd Line: 70
Info (10041): Inferred latch for "memoire[1][8]" at ip_neopixel.vhd(70) File: C:/Users/ayoub/Desktop/Pj_Radar_2D_LADJICI_Ayoub/Partie_6/src/ip_neopixel.vhd Line: 70
Info (10041): Inferred latch for "memoire[1][9]" at ip_neopixel.vhd(70) File: C:/Users/ayoub/Desktop/Pj_Radar_2D_LADJICI_Ayoub/Partie_6/src/ip_neopixel.vhd Line: 70
Info (10041): Inferred latch for "memoire[1][10]" at ip_neopixel.vhd(70) File: C:/Users/ayoub/Desktop/Pj_Radar_2D_LADJICI_Ayoub/Partie_6/src/ip_neopixel.vhd Line: 70
Info (10041): Inferred latch for "memoire[1][11]" at ip_neopixel.vhd(70) File: C:/Users/ayoub/Desktop/Pj_Radar_2D_LADJICI_Ayoub/Partie_6/src/ip_neopixel.vhd Line: 70
Info (10041): Inferred latch for "memoire[1][12]" at ip_neopixel.vhd(70) File: C:/Users/ayoub/Desktop/Pj_Radar_2D_LADJICI_Ayoub/Partie_6/src/ip_neopixel.vhd Line: 70
Info (10041): Inferred latch for "memoire[1][13]" at ip_neopixel.vhd(70) File: C:/Users/ayoub/Desktop/Pj_Radar_2D_LADJICI_Ayoub/Partie_6/src/ip_neopixel.vhd Line: 70
Info (10041): Inferred latch for "memoire[1][14]" at ip_neopixel.vhd(70) File: C:/Users/ayoub/Desktop/Pj_Radar_2D_LADJICI_Ayoub/Partie_6/src/ip_neopixel.vhd Line: 70
Info (10041): Inferred latch for "memoire[1][15]" at ip_neopixel.vhd(70) File: C:/Users/ayoub/Desktop/Pj_Radar_2D_LADJICI_Ayoub/Partie_6/src/ip_neopixel.vhd Line: 70
Info (10041): Inferred latch for "memoire[1][16]" at ip_neopixel.vhd(70) File: C:/Users/ayoub/Desktop/Pj_Radar_2D_LADJICI_Ayoub/Partie_6/src/ip_neopixel.vhd Line: 70
Info (10041): Inferred latch for "memoire[1][17]" at ip_neopixel.vhd(70) File: C:/Users/ayoub/Desktop/Pj_Radar_2D_LADJICI_Ayoub/Partie_6/src/ip_neopixel.vhd Line: 70
Info (10041): Inferred latch for "memoire[1][18]" at ip_neopixel.vhd(70) File: C:/Users/ayoub/Desktop/Pj_Radar_2D_LADJICI_Ayoub/Partie_6/src/ip_neopixel.vhd Line: 70
Info (10041): Inferred latch for "memoire[1][19]" at ip_neopixel.vhd(70) File: C:/Users/ayoub/Desktop/Pj_Radar_2D_LADJICI_Ayoub/Partie_6/src/ip_neopixel.vhd Line: 70
Info (10041): Inferred latch for "memoire[1][20]" at ip_neopixel.vhd(70) File: C:/Users/ayoub/Desktop/Pj_Radar_2D_LADJICI_Ayoub/Partie_6/src/ip_neopixel.vhd Line: 70
Info (10041): Inferred latch for "memoire[1][21]" at ip_neopixel.vhd(70) File: C:/Users/ayoub/Desktop/Pj_Radar_2D_LADJICI_Ayoub/Partie_6/src/ip_neopixel.vhd Line: 70
Info (10041): Inferred latch for "memoire[1][22]" at ip_neopixel.vhd(70) File: C:/Users/ayoub/Desktop/Pj_Radar_2D_LADJICI_Ayoub/Partie_6/src/ip_neopixel.vhd Line: 70
Info (10041): Inferred latch for "memoire[1][23]" at ip_neopixel.vhd(70) File: C:/Users/ayoub/Desktop/Pj_Radar_2D_LADJICI_Ayoub/Partie_6/src/ip_neopixel.vhd Line: 70
Info (10041): Inferred latch for "memoire[0][0]" at ip_neopixel.vhd(70) File: C:/Users/ayoub/Desktop/Pj_Radar_2D_LADJICI_Ayoub/Partie_6/src/ip_neopixel.vhd Line: 70
Info (10041): Inferred latch for "memoire[0][1]" at ip_neopixel.vhd(70) File: C:/Users/ayoub/Desktop/Pj_Radar_2D_LADJICI_Ayoub/Partie_6/src/ip_neopixel.vhd Line: 70
Info (10041): Inferred latch for "memoire[0][2]" at ip_neopixel.vhd(70) File: C:/Users/ayoub/Desktop/Pj_Radar_2D_LADJICI_Ayoub/Partie_6/src/ip_neopixel.vhd Line: 70
Info (10041): Inferred latch for "memoire[0][3]" at ip_neopixel.vhd(70) File: C:/Users/ayoub/Desktop/Pj_Radar_2D_LADJICI_Ayoub/Partie_6/src/ip_neopixel.vhd Line: 70
Info (10041): Inferred latch for "memoire[0][4]" at ip_neopixel.vhd(70) File: C:/Users/ayoub/Desktop/Pj_Radar_2D_LADJICI_Ayoub/Partie_6/src/ip_neopixel.vhd Line: 70
Info (10041): Inferred latch for "memoire[0][5]" at ip_neopixel.vhd(70) File: C:/Users/ayoub/Desktop/Pj_Radar_2D_LADJICI_Ayoub/Partie_6/src/ip_neopixel.vhd Line: 70
Info (10041): Inferred latch for "memoire[0][6]" at ip_neopixel.vhd(70) File: C:/Users/ayoub/Desktop/Pj_Radar_2D_LADJICI_Ayoub/Partie_6/src/ip_neopixel.vhd Line: 70
Info (10041): Inferred latch for "memoire[0][7]" at ip_neopixel.vhd(70) File: C:/Users/ayoub/Desktop/Pj_Radar_2D_LADJICI_Ayoub/Partie_6/src/ip_neopixel.vhd Line: 70
Info (10041): Inferred latch for "memoire[0][8]" at ip_neopixel.vhd(70) File: C:/Users/ayoub/Desktop/Pj_Radar_2D_LADJICI_Ayoub/Partie_6/src/ip_neopixel.vhd Line: 70
Info (10041): Inferred latch for "memoire[0][9]" at ip_neopixel.vhd(70) File: C:/Users/ayoub/Desktop/Pj_Radar_2D_LADJICI_Ayoub/Partie_6/src/ip_neopixel.vhd Line: 70
Info (10041): Inferred latch for "memoire[0][10]" at ip_neopixel.vhd(70) File: C:/Users/ayoub/Desktop/Pj_Radar_2D_LADJICI_Ayoub/Partie_6/src/ip_neopixel.vhd Line: 70
Info (10041): Inferred latch for "memoire[0][11]" at ip_neopixel.vhd(70) File: C:/Users/ayoub/Desktop/Pj_Radar_2D_LADJICI_Ayoub/Partie_6/src/ip_neopixel.vhd Line: 70
Info (10041): Inferred latch for "memoire[0][12]" at ip_neopixel.vhd(70) File: C:/Users/ayoub/Desktop/Pj_Radar_2D_LADJICI_Ayoub/Partie_6/src/ip_neopixel.vhd Line: 70
Info (10041): Inferred latch for "memoire[0][13]" at ip_neopixel.vhd(70) File: C:/Users/ayoub/Desktop/Pj_Radar_2D_LADJICI_Ayoub/Partie_6/src/ip_neopixel.vhd Line: 70
Info (10041): Inferred latch for "memoire[0][14]" at ip_neopixel.vhd(70) File: C:/Users/ayoub/Desktop/Pj_Radar_2D_LADJICI_Ayoub/Partie_6/src/ip_neopixel.vhd Line: 70
Info (10041): Inferred latch for "memoire[0][15]" at ip_neopixel.vhd(70) File: C:/Users/ayoub/Desktop/Pj_Radar_2D_LADJICI_Ayoub/Partie_6/src/ip_neopixel.vhd Line: 70
Info (10041): Inferred latch for "memoire[0][16]" at ip_neopixel.vhd(70) File: C:/Users/ayoub/Desktop/Pj_Radar_2D_LADJICI_Ayoub/Partie_6/src/ip_neopixel.vhd Line: 70
Info (10041): Inferred latch for "memoire[0][17]" at ip_neopixel.vhd(70) File: C:/Users/ayoub/Desktop/Pj_Radar_2D_LADJICI_Ayoub/Partie_6/src/ip_neopixel.vhd Line: 70
Info (10041): Inferred latch for "memoire[0][18]" at ip_neopixel.vhd(70) File: C:/Users/ayoub/Desktop/Pj_Radar_2D_LADJICI_Ayoub/Partie_6/src/ip_neopixel.vhd Line: 70
Info (10041): Inferred latch for "memoire[0][19]" at ip_neopixel.vhd(70) File: C:/Users/ayoub/Desktop/Pj_Radar_2D_LADJICI_Ayoub/Partie_6/src/ip_neopixel.vhd Line: 70
Info (10041): Inferred latch for "memoire[0][20]" at ip_neopixel.vhd(70) File: C:/Users/ayoub/Desktop/Pj_Radar_2D_LADJICI_Ayoub/Partie_6/src/ip_neopixel.vhd Line: 70
Info (10041): Inferred latch for "memoire[0][21]" at ip_neopixel.vhd(70) File: C:/Users/ayoub/Desktop/Pj_Radar_2D_LADJICI_Ayoub/Partie_6/src/ip_neopixel.vhd Line: 70
Info (10041): Inferred latch for "memoire[0][22]" at ip_neopixel.vhd(70) File: C:/Users/ayoub/Desktop/Pj_Radar_2D_LADJICI_Ayoub/Partie_6/src/ip_neopixel.vhd Line: 70
Info (10041): Inferred latch for "memoire[0][23]" at ip_neopixel.vhd(70) File: C:/Users/ayoub/Desktop/Pj_Radar_2D_LADJICI_Ayoub/Partie_6/src/ip_neopixel.vhd Line: 70
Info (13000): Registers with preset signals will power-up high File: C:/Users/ayoub/Desktop/Pj_Radar_2D_LADJICI_Ayoub/Partie_6/src/ip_neopixel.vhd Line: 72
Info (13003): DEV_CLRn pin will set, and not reset, register with preset signal due to NOT Gate Push-Back
Info (286030): Timing-Driven Synthesis is running
Critical Warning (18061): Ignored Power-Up Level option on the following registers
    Critical Warning (18010): Register current_color[22] will power up to High File: C:/Users/ayoub/Desktop/Pj_Radar_2D_LADJICI_Ayoub/Partie_6/src/ip_neopixel.vhd Line: 72
    Critical Warning (18010): Register current_color[23] will power up to High File: C:/Users/ayoub/Desktop/Pj_Radar_2D_LADJICI_Ayoub/Partie_6/src/ip_neopixel.vhd Line: 72
    Critical Warning (18010): Register current_color[21] will power up to High File: C:/Users/ayoub/Desktop/Pj_Radar_2D_LADJICI_Ayoub/Partie_6/src/ip_neopixel.vhd Line: 72
Info (16010): Generating hard_block partition "hard_block:auto_generated_inst"
    Info (16011): Adding 0 node(s), including 0 DDIO, 0 PLL, 0 transceiver and 0 LCELL
Info (21057): Implemented 108 device resources after synthesis - the final resource count might be different
    Info (21058): Implemented 2 input pins
    Info (21059): Implemented 1 output pins
    Info (21061): Implemented 105 logic cells
Info: Quartus Prime Analysis & Synthesis was successful. 0 errors, 7 warnings
    Info: Peak virtual memory: 4792 megabytes
    Info: Processing ended: Mon Dec 16 17:56:34 2024
    Info: Elapsed time: 00:00:14
    Info: Total CPU time (on all processors): 00:00:14


